<?xml version="1.0" encoding="UTF-8"?>
<!-- Generated by org.testng.reporters.JUnitReportReporter -->
<testsuite skipped="0" hostname="DESKTOP-UOM6B9I" name="seleniumWebDriver.FindElements" tests="4" failures="0" timestamp="2020-04-03T15:35:02 MESZ" time="1.274" errors="0">
  <testcase name="findtelefonnummer" time="0.214" classname="seleniumWebDriver.FindElements"/>
  <system-out/>
  <testcase name="SuchFeldVorhanden" time="0.069" classname="seleniumWebDriver.FindElements"/>
  <system-out/>
  <testcase name="ElementsVorhanden" time="0.152" classname="seleniumWebDriver.FindElements"/>
  <system-out/>
  <testcase name="KennenlernernVorhanden" time="0.839" classname="seleniumWebDriver.FindElements"/>
  <system-out/>
</testsuite> <!-- seleniumWebDriver.FindElements -->
