<?xml version="1.0" encoding="UTF-8"?>
<!-- Generated by org.testng.reporters.JUnitReportReporter -->
<testsuite skipped="0" hostname="DESKTOP-UOM6B9I" name="Telefonnummer.seleniumWebDriver.findingtelefonnummer" tests="1" failures="0" timestamp="2020-04-02T19:23:46 MESZ" time="0.150" errors="0">
  <testcase name="findElementByID" time="0.150" classname="Telefonnummer.seleniumWebDriver.findingtelefonnummer"/>
  <system-out/>
</testsuite> <!-- Telefonnummer.seleniumWebDriver.findingtelefonnummer -->
